<?xml version="1.0" encoding="UTF-8"?>
<!-- Generated by org.testng.reporters.JUnitXMLReporter -->
<testsuite ignored="0" hostname="DESKTOP-VAA9J69" failures="1" tests="5" name="Test" time="159.633" errors="0" timestamp="2021-08-26T00:00:32 IST">
  <testcase classname="Build_01_com.vtiger.comPomRepositoryTest.createOrganizationAndTakeNameOfOrganizationTC_05" name="Homepagetitle" time="14.457"/>
  <testcase classname="Build_01_com.vtiger.comPomRepositoryTest.createOrganizationAndTakeNameOfOrganizationTC_05" name="orgpagetitle" time="7.859"/>
  <testcase classname="Build_04_com.vtiger.comPomRepositoryTest.createOrganiztionTest" name="createOrganizationTest" time="16.945">
    <failure type="java.lang.AssertionError" message="expected [true] but found [false]">
      <![CDATA[java.lang.AssertionError: expected [true] but found [false]
at Build_04_com.vtiger.comPomRepositoryTest.createOrganiztionTest.createOrganizationTest(createOrganiztionTest.java:33)
at java.base/java.util.ArrayList.forEach(ArrayList.java:1511)
... Removed 31 stack frames]]>
    </failure>
  </testcase> <!-- createOrganizationTest -->
  <testcase classname="Build_04_com.vtiger.comPomRepositoryTest.createOrganiztionTest" name="createOrganizationTest1" time="12.759"/>
  <testcase classname="Build_04_com.vtiger.comPomRepositoryTest.createOrganiztionTest" name="createOrganizationTest3" time="15.884"/>
</testsuite> <!-- Test -->
